2014-07-17 17:51:51.797 HelloWorld[46168:90b] Multi-tasking -> Device: YES, App: YES
2014-07-17 17:51:52.532 HelloWorld[46168:90b] Resetting plugins due to page load.
2014-07-17 17:51:53.201 HelloWorld[46168:90b] Finished load of: file:///Users/johndawson/Library/Application%20Support/iPhone%20Simulator/7.1/Applications/EFF9A4C1-D04A-43E2-8F22-EAE424341B00/HelloWorld.app/www/index.html
2014-07-17 18:02:38.239 HelloWorld[47580:90b] Multi-tasking -> Device: YES, App: YES
2014-07-17 18:02:38.955 HelloWorld[47580:90b] Resetting plugins due to page load.
2014-07-17 18:02:39.423 HelloWorld[47580:90b] Finished load of: file:///Users/johndawson/Library/Application%20Support/iPhone%20Simulator/7.1/Applications/EFF9A4C1-D04A-43E2-8F22-EAE424341B00/HelloWorld.app/www/index.html
2014-07-18 07:54:55.752 Investment Property Calculator[53414:90b] Multi-tasking -> Device: YES, App: YES
2014-07-18 07:54:56.864 Investment Property Calculator[53414:90b] Resetting plugins due to page load.
2014-07-18 07:54:57.353 Investment Property Calculator[53414:90b] Finished load of: file:///Users/johndawson/Library/Application%20Support/iPhone%20Simulator/7.1/Applications/F5EBBF95-6439-4E40-B107-B79AE05CA4D3/Investment%20Property%20Calculator.app/www/index.html
2014-07-18 07:58:27.233 Investment Property Calculator[54615:90b] Multi-tasking -> Device: YES, App: YES
2014-07-18 07:58:27.527 Investment Property Calculator[54615:90b] Resetting plugins due to page load.
2014-07-18 07:58:27.983 Investment Property Calculator[54615:90b] Finished load of: file:///Users/johndawson/Library/Application%20Support/iPhone%20Simulator/7.1/Applications/F5EBBF95-6439-4E40-B107-B79AE05CA4D3/Investment%20Property%20Calculator.app/www/index.html
2014-07-18 08:44:37.374 Investment Property Calculator[55875:90b] Multi-tasking -> Device: YES, App: YES
2014-07-18 08:44:37.756 Investment Property Calculator[55875:90b] Resetting plugins due to page load.
2014-07-18 08:44:38.320 Investment Property Calculator[55875:90b] Finished load of: file:///Users/johndawson/Library/Application%20Support/iPhone%20Simulator/7.1/Applications/F5EBBF95-6439-4E40-B107-B79AE05CA4D3/Investment%20Property%20Calculator.app/www/index.html
2014-07-18 08:45:00.671 Investment Property Calculator[55875:90b] Received memory warning.
2014-07-18 08:47:07.213 Investment Property Calculator[56831:90b] Multi-tasking -> Device: YES, App: YES
2014-07-18 08:47:08.841 Investment Property Calculator[56831:90b] Resetting plugins due to page load.
2014-07-18 08:47:10.719 Investment Property Calculator[56831:90b] Finished load of: file:///Users/johndawson/Library/Application%20Support/iPhone%20Simulator/7.1/Applications/F5EBBF95-6439-4E40-B107-B79AE05CA4D3/Investment%20Property%20Calculator.app/www/index.html
2014-07-18 13:49:39.529 Investment Property Calculator[69574:90b] Multi-tasking -> Device: YES, App: YES
2014-07-18 13:49:39.817 Investment Property Calculator[69574:90b] Resetting plugins due to page load.
2014-07-18 13:49:40.198 Investment Property Calculator[69574:90b] Finished load of: file:///Users/johndawson/Library/Application%20Support/iPhone%20Simulator/7.1/Applications/F5EBBF95-6439-4E40-B107-B79AE05CA4D3/Investment%20Property%20Calculator.app/www/index.html
